  Using bundled DotNet SDK version: 6.0.302
  Running UnrealBuildTool: dotnet "..\..\Engine\Binaries\DotNET\UnrealBuildTool\UnrealBuildTool.dll" TwinStickShooterEditor Win64 Development -Project="D:\Peliohjelmointi\Unreal\TwinStickShooter\TwinStickShooter.uproject" -WaitMutex -FromMsBuild
  Log file: C:\Users\johanna.moilanen\AppData\Local\UnrealBuildTool\Log.txt
  Creating makefile for TwinStickShooterEditor (no existing makefile)
  Parsing headers for TwinStickShooterEditor
    Running Internal UnrealHeaderTool D:\Peliohjelmointi\Unreal\TwinStickShooter\TwinStickShooter.uproject D:\Peliohjelmointi\Unreal\TwinStickShooter\Intermediate\Build\Win64\TwinStickShooterEditor\Development\TwinStickShooterEditor.uhtmanifest -WarningsAsErrors -installed
  Total of 0 written
  Reflection code generated for TwinStickShooterEditor in 0.5662155 seconds
  Building TwinStickShooterEditor...
  Using Visual Studio 2022 14.40.33813 toolchain (C:\Program Files\Microsoft Visual Studio\2022\Professional\VC\Tools\MSVC\14.40.33807) and Windows 10.0.22621.0 SDK (C:\Program Files (x86)\Windows Kits\10).
  [Upgrade]
  [Upgrade] Using backward-compatible include order. The latest version of UE has changed the order of includes, which may require code changes. The current setting is:
  [Upgrade]     IncludeOrderVersion = EngineIncludeOrderVersion.Unreal5_0
  [Upgrade] Suppress this message by setting 'IncludeOrderVersion = EngineIncludeOrderVersion.Unreal5_2;' in TwinStickShooterEditor.Target.cs.
  [Upgrade] Alternatively you can set this to 'EngineIncludeOrderVersion.Latest' to always use the latest include order. This will potentially cause compile errors when integrating new versions of the engine.
  [Upgrade]
  Determining max actions to execute in parallel (16 physical cores, 24 logical cores)
    Executing up to 16 processes, one per physical core
    Requested 1.5 GB free memory per action, 18.98 GB available: limiting max parallel actions to 12
  Building 9 actions with 9 processes...
  [1/9] Resource Default.rc2
  [2/9] Compile [x64] SharedPCH.Engine.ShadowErrors.InclOrderUnreal5_0.cpp
  Detected compiler newer than Visual Studio 2022, please update min version checking in WindowsPlatformCompilerSetup.h
  [3/9] Compile [x64] TwinStickShooter.init.gen.cpp
  [4/9] Compile [x64] TwinStickShooter.cpp
  [5/9] Compile [x64] BaseCharacter.cpp
  [6/9] Compile [x64] BaseCharacter.gen.cpp
  [7/9] Link [x64] UnrealEditor-TwinStickShooter.lib
     Creating library D:\Peliohjelmointi\Unreal\TwinStickShooter\Intermediate\Build\Win64\x64\UnrealEditor\Development\TwinStickShooter\UnrealEditor-TwinStickShooter.lib and object D:\Peliohjelmointi\Unreal\TwinStickShooter\Intermediate\Build\Win64\x64\UnrealEditor\Development\TwinStickShooter\UnrealEditor-TwinStickShooter.exp
  [8/9] Link [x64] UnrealEditor-TwinStickShooter.dll
     Creating library D:\Peliohjelmointi\Unreal\TwinStickShooter\Intermediate\Build\Win64\x64\UnrealEditor\Development\TwinStickShooter\UnrealEditor-TwinStickShooter.suppressed.lib and object D:\Peliohjelmointi\Unreal\TwinStickShooter\Intermediate\Build\Win64\x64\UnrealEditor\Development\TwinStickShooter\UnrealEditor-TwinStickShooter.suppressed.exp
  [9/9] WriteMetadata TwinStickShooterEditor.target
  Total time in Parallel executor: 31.59 seconds
  Total execution time: 33.28 seconds
